<?xml version="1.0" encoding="utf-8"?><testsuites name="pytest tests"><testsuite name="pytest" errors="0" failures="0" skipped="0" tests="9" time="18.042" timestamp="2026-06-10T23:28:17.334386+00:00" hostname="agent-env-8cf69346-55c5-4339-999d-03e980a9fef7"><testcase classname="backend.tests.test_command_center.TestBasic" name="test_root" time="0.308" /><testcase classname="backend.tests.test_command_center.TestBasic" name="test_cities" time="0.055" /><testcase classname="backend.tests.test_command_center.TestHealth" name="test_health" time="1.248" /><testcase classname="backend.tests.test_command_center.TestEvents" name="test_events_madrid" time="1.435" /><testcase classname="backend.tests.test_command_center.TestEvents" name="test_events_barcelona" time="0.843" /><testcase classname="backend.tests.test_command_center.TestEvents" name="test_events_invalid_city_falls_back" time="0.428" /><testcase classname="backend.tests.test_command_center.TestParking" name="test_parking_madrid" time="12.876" /><testcase classname="backend.tests.test_command_center.TestGeocode" name="test_geocode_plaza_mayor" time="0.461" /><testcase classname="backend.tests.test_command_center.TestGeocode" name="test_geocode_not_found" time="0.228" /></testsuite></testsuites>