<?xml version="1.0" encoding="utf-8"?><testsuites name="pytest tests"><testsuite name="pytest" errors="0" failures="0" skipped="0" tests="13" time="9.708" timestamp="2026-06-12T17:23:58.636021+00:00" hostname="agent-env-8cf69346-55c5-4339-999d-03e980a9fef7"><testcase classname="backend.tests.test_command_center.TestBasic" name="test_root" time="0.126" /><testcase classname="backend.tests.test_command_center.TestBasic" name="test_cities" time="0.051" /><testcase classname="backend.tests.test_command_center.TestHealth" name="test_health" time="0.869" /><testcase classname="backend.tests.test_command_center.TestEvents" name="test_events_madrid" time="2.669" /><testcase classname="backend.tests.test_command_center.TestEvents" name="test_events_barcelona" time="0.814" /><testcase classname="backend.tests.test_command_center.TestEvents" name="test_events_invalid_city_falls_back" time="0.229" /><testcase classname="backend.tests.test_command_center.TestParking" name="test_parking_madrid" time="2.791" /><testcase classname="backend.tests.test_command_center.TestGeocode" name="test_geocode_plaza_mayor" time="0.389" /><testcase classname="backend.tests.test_command_center.TestGeocode" name="test_geocode_not_found" time="0.244" /><testcase classname="backend.tests.test_multimodal.TestMultimodalPlan" name="test_plan_madrid_pozuelo_to_center" time="1.070" /><testcase classname="backend.tests.test_multimodal.TestMultimodalPlan" name="test_plan_has_parkings_when_destination_is_madrid_center" time="0.123" /><testcase classname="backend.tests.test_multimodal.TestMultimodalPlan" name="test_plan_prefers_4_options_for_madrid" time="0.045" /><testcase classname="backend.tests.test_multimodal.TestMultimodalPlan" name="test_delta_vs_car_baseline" time="0.045" /></testsuite></testsuites>